Spark Command: /usr/lib/jvm/java-11-openjdk-amd64/bin/java -cp /home/edson/Descargas/spark-3.1.1-bin-hadoop2.7/conf/:/home/edson/Descargas/spark-3.1.1-bin-hadoop2.7/jars/* -Xmx1g org.apache.spark.deploy.master.Master --host edson-VirtualBox --port 7077 --webui-port 8080
========================================
Using Spark's default log4j profile: org/apache/spark/log4j-defaults.properties
21/05/17 12:29:30 INFO Master: Started daemon with process name: 77096@edson-VirtualBox
21/05/17 12:29:30 INFO SignalUtils: Registering signal handler for TERM
21/05/17 12:29:30 INFO SignalUtils: Registering signal handler for HUP
21/05/17 12:29:30 INFO SignalUtils: Registering signal handler for INT
21/05/17 12:29:30 WARN Utils: Your hostname, edson-VirtualBox resolves to a loopback address: 127.0.1.1; using 10.0.2.15 instead (on interface enp0s3)
21/05/17 12:29:30 WARN Utils: Set SPARK_LOCAL_IP if you need to bind to another address
WARNING: An illegal reflective access operation has occurred
WARNING: Illegal reflective access by org.apache.spark.unsafe.Platform (file:/home/edson/Descargas/spark-3.1.1-bin-hadoop2.7/jars/spark-unsafe_2.12-3.1.1.jar) to constructor java.nio.DirectByteBuffer(long,int)
WARNING: Please consider reporting this to the maintainers of org.apache.spark.unsafe.Platform
WARNING: Use --illegal-access=warn to enable warnings of further illegal reflective access operations
WARNING: All illegal access operations will be denied in a future release
21/05/17 12:29:37 WARN NativeCodeLoader: Unable to load native-hadoop library for your platform... using builtin-java classes where applicable
21/05/17 12:29:37 INFO SecurityManager: Changing view acls to: edson
21/05/17 12:29:37 INFO SecurityManager: Changing modify acls to: edson
21/05/17 12:29:37 INFO SecurityManager: Changing view acls groups to: 
21/05/17 12:29:37 INFO SecurityManager: Changing modify acls groups to: 
21/05/17 12:29:37 INFO SecurityManager: SecurityManager: authentication disabled; ui acls disabled; users  with view permissions: Set(edson); groups with view permissions: Set(); users  with modify permissions: Set(edson); groups with modify permissions: Set()
21/05/17 12:29:38 INFO Utils: Successfully started service 'sparkMaster' on port 7077.
21/05/17 12:29:38 INFO Master: Starting Spark master at spark://edson-VirtualBox:7077
21/05/17 12:29:38 INFO Master: Running Spark version 3.1.1
21/05/17 12:29:39 WARN Utils: Service 'MasterUI' could not bind on port 8080. Attempting port 8081.
21/05/17 12:29:39 INFO Utils: Successfully started service 'MasterUI' on port 8081.
21/05/17 12:29:39 INFO MasterWebUI: Bound MasterWebUI to 0.0.0.0, and started at http://10.0.2.15:8081
21/05/17 12:29:40 INFO Master: I have been elected leader! New state: ALIVE
