Spark Command: /usr/lib/jvm/java-11-openjdk-amd64/bin/java -cp /home/edson/Descargas/spark-3.1.1-bin-hadoop2.7/conf/:/home/edson/Descargas/spark-3.1.1-bin-hadoop2.7/jars/* -Xmx1g org.apache.spark.deploy.worker.Worker --webui-port 8081 spark://edson-VirtualBox:7077
========================================
Using Spark's default log4j profile: org/apache/spark/log4j-defaults.properties
21/05/16 15:27:30 INFO Worker: Started daemon with process name: 6045@edson-VirtualBox
21/05/16 15:27:30 INFO SignalUtils: Registering signal handler for TERM
21/05/16 15:27:30 INFO SignalUtils: Registering signal handler for HUP
21/05/16 15:27:30 INFO SignalUtils: Registering signal handler for INT
21/05/16 15:27:30 WARN Utils: Your hostname, edson-VirtualBox resolves to a loopback address: 127.0.1.1; using 10.0.2.15 instead (on interface enp0s3)
21/05/16 15:27:30 WARN Utils: Set SPARK_LOCAL_IP if you need to bind to another address
WARNING: An illegal reflective access operation has occurred
WARNING: Illegal reflective access by org.apache.spark.unsafe.Platform (file:/home/edson/Descargas/spark-3.1.1-bin-hadoop2.7/jars/spark-unsafe_2.12-3.1.1.jar) to constructor java.nio.DirectByteBuffer(long,int)
WARNING: Please consider reporting this to the maintainers of org.apache.spark.unsafe.Platform
WARNING: Use --illegal-access=warn to enable warnings of further illegal reflective access operations
WARNING: All illegal access operations will be denied in a future release
21/05/16 15:27:31 WARN NativeCodeLoader: Unable to load native-hadoop library for your platform... using builtin-java classes where applicable
21/05/16 15:27:31 INFO SecurityManager: Changing view acls to: edson
21/05/16 15:27:31 INFO SecurityManager: Changing modify acls to: edson
21/05/16 15:27:31 INFO SecurityManager: Changing view acls groups to: 
21/05/16 15:27:31 INFO SecurityManager: Changing modify acls groups to: 
21/05/16 15:27:31 INFO SecurityManager: SecurityManager: authentication disabled; ui acls disabled; users  with view permissions: Set(edson); groups with view permissions: Set(); users  with modify permissions: Set(edson); groups with modify permissions: Set()
21/05/16 15:27:32 INFO Utils: Successfully started service 'sparkWorker' on port 34107.
21/05/16 15:27:32 INFO Worker: Worker decommissioning not enabled, SIGPWR will result in exiting.
21/05/16 15:27:32 INFO Worker: Starting Spark worker 10.0.2.15:34107 with 1 cores, 2.9 GiB RAM
21/05/16 15:27:32 INFO Worker: Running Spark version 3.1.1
21/05/16 15:27:32 INFO Worker: Spark home: /home/edson/Descargas/spark-3.1.1-bin-hadoop2.7
21/05/16 15:27:32 INFO ResourceUtils: ==============================================================
21/05/16 15:27:32 INFO ResourceUtils: No custom resources configured for spark.worker.
21/05/16 15:27:32 INFO ResourceUtils: ==============================================================
21/05/16 15:27:32 WARN Utils: Service 'WorkerUI' could not bind on port 8081. Attempting port 8082.
21/05/16 15:27:32 INFO Utils: Successfully started service 'WorkerUI' on port 8082.
21/05/16 15:27:32 INFO WorkerWebUI: Bound WorkerWebUI to 0.0.0.0, and started at http://10.0.2.15:8082
21/05/16 15:27:32 INFO Worker: Connecting to master edson-VirtualBox:7077...
21/05/16 15:27:32 INFO TransportClientFactory: Successfully created connection to edson-VirtualBox/127.0.1.1:7077 after 40 ms (0 ms spent in bootstraps)
21/05/16 15:27:32 INFO Worker: Successfully registered with master spark://edson-VirtualBox:7077
21/05/16 22:19:42 INFO Worker: edson-VirtualBox:7077 Disassociated !
21/05/16 22:19:42 ERROR Worker: Connection to master failed! Waiting for master to reconnect...
21/05/16 22:19:42 INFO Worker: edson-VirtualBox:7077 Disassociated !
21/05/16 22:19:42 ERROR Worker: Connection to master failed! Waiting for master to reconnect...
21/05/16 22:19:42 INFO Worker: Not spawning another attempt to register with the master, since there is an attempt scheduled already.
21/05/16 22:19:42 INFO Worker: Connecting to master edson-VirtualBox:7077...
21/05/16 22:19:42 INFO TransportClientFactory: Found inactive connection to edson-VirtualBox/127.0.1.1:7077, creating a new one.
21/05/16 22:19:42 WARN Worker: Failed to connect to master edson-VirtualBox:7077
org.apache.spark.SparkException: Exception thrown in awaitResult: 
	at org.apache.spark.util.ThreadUtils$.awaitResult(ThreadUtils.scala:301)
	at org.apache.spark.rpc.RpcTimeout.awaitResult(RpcTimeout.scala:75)
	at org.apache.spark.rpc.RpcEnv.setupEndpointRefByURI(RpcEnv.scala:101)
	at org.apache.spark.rpc.RpcEnv.setupEndpointRef(RpcEnv.scala:109)
	at org.apache.spark.deploy.worker.Worker$$anon$1.run(Worker.scala:298)
	at java.base/java.util.concurrent.Executors$RunnableAdapter.call(Executors.java:515)
	at java.base/java.util.concurrent.FutureTask.run(FutureTask.java:264)
	at java.base/java.util.concurrent.ThreadPoolExecutor.runWorker(ThreadPoolExecutor.java:1128)
	at java.base/java.util.concurrent.ThreadPoolExecutor$Worker.run(ThreadPoolExecutor.java:628)
	at java.base/java.lang.Thread.run(Thread.java:834)
Caused by: java.io.IOException: Failed to connect to edson-VirtualBox/127.0.1.1:7077
	at org.apache.spark.network.client.TransportClientFactory.createClient(TransportClientFactory.java:287)
	at org.apache.spark.network.client.TransportClientFactory.createClient(TransportClientFactory.java:218)
	at org.apache.spark.network.client.TransportClientFactory.createClient(TransportClientFactory.java:230)
	at org.apache.spark.rpc.netty.NettyRpcEnv.createClient(NettyRpcEnv.scala:204)
	at org.apache.spark.rpc.netty.Outbox$$anon$1.call(Outbox.scala:202)
	at org.apache.spark.rpc.netty.Outbox$$anon$1.call(Outbox.scala:198)
	... 4 more
Caused by: io.netty.channel.AbstractChannel$AnnotatedConnectException: Conexión rehusada: edson-VirtualBox/127.0.1.1:7077
Caused by: java.net.ConnectException: Conexión rehusada
	at java.base/sun.nio.ch.SocketChannelImpl.checkConnect(Native Method)
	at java.base/sun.nio.ch.SocketChannelImpl.finishConnect(SocketChannelImpl.java:779)
	at io.netty.channel.socket.nio.NioSocketChannel.doFinishConnect(NioSocketChannel.java:330)
	at io.netty.channel.nio.AbstractNioChannel$AbstractNioUnsafe.finishConnect(AbstractNioChannel.java:334)
	at io.netty.channel.nio.NioEventLoop.processSelectedKey(NioEventLoop.java:702)
	at io.netty.channel.nio.NioEventLoop.processSelectedKeysOptimized(NioEventLoop.java:650)
	at io.netty.channel.nio.NioEventLoop.processSelectedKeys(NioEventLoop.java:576)
	at io.netty.channel.nio.NioEventLoop.run(NioEventLoop.java:493)
	at io.netty.util.concurrent.SingleThreadEventExecutor$4.run(SingleThreadEventExecutor.java:989)
	at io.netty.util.internal.ThreadExecutorMap$2.run(ThreadExecutorMap.java:74)
	at io.netty.util.concurrent.FastThreadLocalRunnable.run(FastThreadLocalRunnable.java:30)
	at java.base/java.lang.Thread.run(Thread.java:834)
21/05/16 22:19:48 ERROR Worker: RECEIVED SIGNAL TERM
